2018-11-12 18:32:35 [@ufaslquticcms.espe.local]
Interno #1: Lanzar createinquest
2018-11-12 18:33:08 [@ufaslquticcms.espe.local]
Interno #1: Lanzar watcher
2018-11-12 18:42:04 [@ufaslquticcms.espe.local]
Interno #1: Lanzar ticketrecurrent
2018-11-12 19:30:13 [@ufaslquticcms.espe.local]
Interno #1: Lanzar planningrecall
2018-11-12 19:36:27 [2@ufaslquticcms.espe.local]
Interno #1: Lanzar queuednotification
2018-11-12 19:42:55 [2@ufaslquticcms.espe.local]
Interno #1: Lanzar queuednotificationclean
2018-11-12 19:46:44 [@ufaslquticcms.espe.local]
Interno #1: Lanzar temp
2018-11-12 19:50:42 [2@ufaslquticcms.espe.local]
Interno #1: Lanzar mailgateerror
2018-11-12 19:53:37 [@ufaslquticcms.espe.local]
Interno #1: Lanzar contract
2018-11-12 19:59:09 [2@ufaslquticcms.espe.local]
Interno #1: Lanzar infocom
2018-11-12 19:59:15 [2@ufaslquticcms.espe.local]
Interno #1: Lanzar mailgate
2018-11-12 20:05:39 [2@ufaslquticcms.espe.local]
Interno #1: Lanzar session
2018-11-12 20:10:45 [2@ufaslquticcms.espe.local]
Interno #1: Lanzar graph
